<?xml version="1.0" encoding="UTF-8"?>
<!-- Generated by org.testng.reporters.JUnitReportReporter -->
<testsuite skipped="0" hostname="samsung-PC" name="com.selenium.basicTest.part1.DragAndDrop" tests="1" failures="0" timestamp="04 Oct 2018 18:13:57 GMT" time="61.750" errors="0">
  <testcase name="Drag" time="61.750" classname="com.selenium.basicTest.part1.DragAndDrop"/>
</testsuite> <!-- com.selenium.basicTest.part1.DragAndDrop -->
