<?xml version="1.0" encoding="UTF-8"?>
<!-- Generated by org.testng.reporters.JUnitReportReporter -->
<testsuite skipped="0" hostname="samsung-PC" name="com.selenium.basicTest.part1.rightClick" tests="1" failures="0" timestamp="04 Oct 2018 15:14:59 GMT" time="19.233" errors="0">
  <testcase name="rightclick" time="19.233" classname="com.selenium.basicTest.part1.rightClick"/>
</testsuite> <!-- com.selenium.basicTest.part1.rightClick -->
