<?xml version="1.0" encoding="UTF-8"?>
<!-- Generated by org.testng.reporters.JUnitReportReporter -->
<testsuite skipped="0" hostname="samsung-PC" name="com.selenium.sample.project.one.TESTNG" tests="2" failures="0" timestamp="05 Oct 2018 18:38:07 GMT" time="0.019" errors="0">
  <testcase name="f" time="0.005" classname="com.selenium.sample.project.one.TESTNG"/>
  <testcase name="f" time="0.014" classname="com.selenium.sample.project.one.TESTNG"/>
</testsuite> <!-- com.selenium.sample.project.one.TESTNG -->
