<?xml version="1.0" encoding="UTF-8"?>
<!-- Generated by org.testng.reporters.JUnitReportReporter -->
<testsuite skipped="0" hostname="samsung-PC" name="com.selenium.sample.project.one.LoginPage" tests="3" failures="0" timestamp="05 Oct 2018 20:48:41 GMT" time="3.552" errors="0">
  <testcase name="clickLoginBtn" time="1.092" classname="com.selenium.sample.project.one.LoginPage"/>
  <testcase name="clickOnTime" time="1.710" classname="com.selenium.sample.project.one.LoginPage"/>
  <testcase name="testOnTimeSheet" time="0.750" classname="com.selenium.sample.project.one.LoginPage"/>
</testsuite> <!-- com.selenium.sample.project.one.LoginPage -->
