<?xml version="1.0" encoding="UTF-8"?>
<!-- Generated by org.testng.reporters.JUnitReportReporter -->
<testsuite skipped="0" hostname="samsung-PC" name="com.selenium.basicTest.part1.MouseMovementTest" tests="1" failures="0" timestamp="04 Oct 2018 15:48:09 GMT" time="6.853" errors="0">
  <testcase name="TestMousemovements" time="6.853" classname="com.selenium.basicTest.part1.MouseMovementTest"/>
</testsuite> <!-- com.selenium.basicTest.part1.MouseMovementTest -->
