<?xml version="1.0" encoding="UTF-8"?>
<!-- Generated by org.testng.reporters.JUnitReportReporter -->
<testsuite skipped="0" hostname="samsung-PC" name="com.selenium.sample.project.one.orlooSpammer" tests="1" failures="0" timestamp="05 Oct 2018 18:38:07 GMT" time="14.190" errors="0">
  <testcase name="post" time="14.190" classname="com.selenium.sample.project.one.orlooSpammer"/>
</testsuite> <!-- com.selenium.sample.project.one.orlooSpammer -->
