<?xml version="1.0" encoding="UTF-8"?>
<!-- Generated by org.testng.reporters.JUnitReportReporter -->
<testsuite skipped="0" hostname="samsung-PC" name="com.selenium.basicTest.part1.orlooSpammer" tests="1" failures="0" timestamp="05 Oct 2018 20:49:30 GMT" time="16.937" errors="0">
  <testcase name="post" time="16.937" classname="com.selenium.basicTest.part1.orlooSpammer"/>
</testsuite> <!-- com.selenium.basicTest.part1.orlooSpammer -->
