<?xml version="1.0" encoding="UTF-8"?>
<!-- Generated by org.testng.reporters.JUnitReportReporter -->
<testsuite skipped="0" hostname="samsung-PC" name="com.selenium.basicTest.part1.SeleniumTestPNC" tests="1" failures="0" timestamp="02 Oct 2018 16:22:04 GMT" time="14.652" errors="0">
  <testcase name="getFirefox" time="14.652" classname="com.selenium.basicTest.part1.SeleniumTestPNC"/>
</testsuite> <!-- com.selenium.basicTest.part1.SeleniumTestPNC -->
