<?xml version="1.0" encoding="UTF-8"?>
<!-- Generated by org.testng.reporters.JUnitReportReporter -->
<testsuite skipped="0" hostname="samsung-PC" name="com.selenium.basicTest.part1.BasicWebDriverTest" tests="1" failures="0" timestamp="02 Oct 2018 16:17:43 GMT" time="22.052" errors="0">
  <testcase name="getTheHomePage" time="22.052" classname="com.selenium.basicTest.part1.BasicWebDriverTest"/>
</testsuite> <!-- com.selenium.basicTest.part1.BasicWebDriverTest -->
