<?xml version="1.0" encoding="UTF-8"?>
<!-- Generated by org.testng.reporters.JUnitReportReporter -->
<testsuite skipped="0" hostname="samsung-PC" name="com.selenium.basicTest.part1.BasicTestngDemo" tests="2" failures="0" timestamp="02 Oct 2018 16:44:15 GMT" time="1.054" errors="0">
  <testcase name="searchTestNGtwo" time="0.785" classname="com.selenium.basicTest.part1.BasicTestngDemo"/>
  <testcase name="searchTestNG" time="0.269" classname="com.selenium.basicTest.part1.BasicTestngDemo"/>
</testsuite> <!-- com.selenium.basicTest.part1.BasicTestngDemo -->
