<?xml version="1.0" encoding="UTF-8"?>
<!-- Generated by org.testng.reporters.JUnitReportReporter -->
<testsuite skipped="0" hostname="samsung-PC" name="com.selenium.basicTest.part1.AlertDemo" tests="1" failures="0" timestamp="04 Oct 2018 18:59:19 GMT" time="5.604" errors="0">
  <testcase name="TestTheAlert" time="5.604" classname="com.selenium.basicTest.part1.AlertDemo"/>
</testsuite> <!-- com.selenium.basicTest.part1.AlertDemo -->
